2025-05-08 12:22:06,098 [INFO] Activator:176 - 


2025-05-08 12:22:06,100 [INFO] Activator:177 - !SESSION log4j initialized
2025-05-08 12:22:10,648 [INFO] LogOutputStream:77 - [STDOUT_REDIRECT] 
2025-05-08 12:22:30,399 [INFO] ApplicationProperties:184 - Using Application install path: C:\STM32CubeIDE_1.17.0\STM32CubeIDE\plugins\com.st.stm32cube.common.mx_6.13.0.202411220809
2025-05-08 12:22:30,419 [INFO] DbMcusXml:78 - Set database path to: C:\STM32CubeIDE_1.17.0\STM32CubeIDE\plugins\com.st.stm32cube.common.mx_6.13.0.202411220809\\db\/mcu/
2025-05-08 12:22:30,420 [INFO] ApiDb:274 - Set plugin database path to: C:\STM32CubeIDE_1.17.0\STM32CubeIDE\plugins\com.st.stm32cube.common.mx_6.13.0.202411220809\\db\/plugins/boardmanager/
2025-05-08 12:22:30,420 [WARN] ApiDb:259 - Overriding images path with different value:  => C:\STM32CubeIDE_1.17.0\STM32CubeIDE\plugins\com.st.stm32cube.common.mx_6.13.0.202411220809\\db\/plugins/mcufinder/images/
2025-05-08 12:22:30,443 [INFO] ApiDb:250 - Set database path to: C:\Users\Usuario\.stmcufinder\plugins\mcufinder//mcu/
2025-05-08 12:22:30,444 [INFO] DbMcusAds:125 - Set database path to: C:\Users\Usuario\.stmcufinder\plugins\mcufinder//mcu/
2025-05-08 12:22:30,458 [INFO] CrossReferenceDbSqlite:203 - Set database path to: C:\Users\Usuario\.stmcufinder\plugins\mcufinder//mcu/cs/
2025-05-08 12:22:30,611 [INFO] RulesReader:64 - Compatibility file has been processed (297 Rules)
2025-05-08 12:22:30,708 [INFO] DbMcusXml:78 - Set database path to: C:\STM32CubeIDE_1.17.0\STM32CubeIDE\plugins\com.st.stm32cube.common.mx_6.13.0.202411220809\\db\/mcu/
2025-05-08 12:22:30,708 [INFO] ApiDb:274 - Set plugin database path to: C:\STM32CubeIDE_1.17.0\STM32CubeIDE\plugins\com.st.stm32cube.common.mx_6.13.0.202411220809\\db\/plugins/boardmanager/
2025-05-08 12:22:30,708 [INFO] ApiDb:261 - Set plugin images path to: C:\STM32CubeIDE_1.17.0\STM32CubeIDE\plugins\com.st.stm32cube.common.mx_6.13.0.202411220809\\db\/plugins/mcufinder/images/
2025-05-08 12:22:30,709 [WARN] DbFile:41 - Overriding database path with different value: C:\Users\Usuario\.stmcufinder\plugins\mcufinder/ => C:\Users\Usuario\.stmcufinder\plugins\mcufinder
2025-05-08 12:22:30,709 [INFO] ApiDb:250 - Set database path to: C:\Users\Usuario\.stmcufinder\plugins\mcufinder//mcu/
2025-05-08 12:22:30,709 [WARN] DbFile:41 - Overriding database path with different value: C:\Users\Usuario\.stmcufinder\plugins\mcufinder/ => C:\Users\Usuario\.stmcufinder\plugins\mcufinder
2025-05-08 12:22:30,709 [INFO] DbMcusAds:125 - Set database path to: C:\Users\Usuario\.stmcufinder\plugins\mcufinder//mcu/
2025-05-08 12:22:30,709 [WARN] DbFile:41 - Overriding database path with different value: C:\Users\Usuario\.stmcufinder\plugins\mcufinder/ => C:\Users\Usuario\.stmcufinder\plugins\mcufinder
2025-05-08 12:22:30,709 [WARN] DbFile:41 - Overriding database path with different value: C:\Users\Usuario\.stmcufinder\plugins\mcufinder/ => C:\Users\Usuario\.stmcufinder\plugins\mcufinder
2025-05-08 12:22:30,709 [INFO] CrossReferenceDbSqlite:203 - Set database path to: C:\Users\Usuario\.stmcufinder\plugins\mcufinder//mcu/cs/
2025-05-08 12:22:30,800 [INFO] MainPanel:272 - HeapMemory: 268435456
2025-05-08 12:22:30,919 [INFO] DbMcusXml:78 - Set database path to: C:\STM32CubeIDE_1.17.0\STM32CubeIDE\plugins\com.st.stm32cube.common.mx_6.13.0.202411220809\\db\/mcu/
2025-05-08 12:22:30,919 [INFO] ApiDb:274 - Set plugin database path to: C:\STM32CubeIDE_1.17.0\STM32CubeIDE\plugins\com.st.stm32cube.common.mx_6.13.0.202411220809\\db\/plugins/boardmanager/
2025-05-08 12:22:30,920 [INFO] ApiDb:261 - Set plugin images path to: C:\STM32CubeIDE_1.17.0\STM32CubeIDE\plugins\com.st.stm32cube.common.mx_6.13.0.202411220809\\db\/plugins/mcufinder/images/
2025-05-08 12:22:30,920 [WARN] DbFile:41 - Overriding database path with different value: C:\Users\Usuario\.stmcufinder\plugins\mcufinder/ => C:\Users\Usuario\.stmcufinder\plugins\mcufinder
2025-05-08 12:22:30,920 [INFO] ApiDb:250 - Set database path to: C:\Users\Usuario\.stmcufinder\plugins\mcufinder//mcu/
2025-05-08 12:22:30,920 [WARN] DbFile:41 - Overriding database path with different value: C:\Users\Usuario\.stmcufinder\plugins\mcufinder/ => C:\Users\Usuario\.stmcufinder\plugins\mcufinder
2025-05-08 12:22:30,920 [INFO] DbMcusAds:125 - Set database path to: C:\Users\Usuario\.stmcufinder\plugins\mcufinder//mcu/
2025-05-08 12:22:30,920 [WARN] DbFile:41 - Overriding database path with different value: C:\Users\Usuario\.stmcufinder\plugins\mcufinder/ => C:\Users\Usuario\.stmcufinder\plugins\mcufinder
2025-05-08 12:22:30,921 [WARN] DbFile:41 - Overriding database path with different value: C:\Users\Usuario\.stmcufinder\plugins\mcufinder/ => C:\Users\Usuario\.stmcufinder\plugins\mcufinder
2025-05-08 12:22:30,921 [INFO] CrossReferenceDbSqlite:203 - Set database path to: C:\Users\Usuario\.stmcufinder\plugins\mcufinder//mcu/cs/
2025-05-08 12:22:30,940 [INFO] ApplicationProperties:184 - Using Application install path: C:\STM32CubeIDE_1.17.0\STM32CubeIDE\plugins\com.st.stm32cube.common.mx_6.13.0.202411220809
2025-05-08 12:22:30,941 [INFO] PluginManage:196 - Search for loadable plugins [exclusion list=, ]
2025-05-08 12:22:30,943 [INFO] PluginManage:310 - Check plugin analytics
2025-05-08 12:22:31,154 [INFO] AnalyticsPlugin:253 - Accepted Software Licenses: STM32CubeMX.6.10.0
2025-05-08 12:22:31,155 [INFO] AnalyticsPlugin:255 - Accepted CMSIS Pack Licenses: 
2025-05-08 12:22:31,155 [INFO] AnalyticsPlugin:257 - Accepted Firmware Licenses: FW.F4.1.28.0
2025-05-08 12:22:31,158 [INFO] PluginManage:359 - Loaded plugin analytics (category:tool,tabindex:-1)
2025-05-08 12:22:31,158 [INFO] PluginManage:310 - Check plugin cadmodel
2025-05-08 12:22:31,189 [INFO] CADModel:105 - Init CAD model plugin
2025-05-08 12:22:31,189 [INFO] PluginManage:359 - Loaded plugin cadmodel (category:power,tabindex:5)
2025-05-08 12:22:31,189 [INFO] PluginManage:310 - Check plugin clock
2025-05-08 12:22:31,220 [INFO] PluginManage:359 - Loaded plugin clock (category:base,tabindex:2)
2025-05-08 12:22:31,220 [INFO] PluginManage:310 - Check plugin ddr
2025-05-08 12:22:31,223 [INFO] PluginManage:359 - Loaded plugin ddr (category:tool,tabindex:6)
2025-05-08 12:22:31,224 [INFO] PluginManage:310 - Check plugin filemanager
2025-05-08 12:22:31,467 [INFO] PluginManage:359 - Loaded plugin filemanager (category:base,tabindex:10)
2025-05-08 12:22:31,467 [INFO] PluginManage:310 - Check plugin ipmanager
2025-05-08 12:22:31,477 [INFO] PluginManage:359 - Loaded plugin ipmanager (category:base,tabindex:5)
2025-05-08 12:22:31,478 [INFO] PluginManage:310 - Check plugin lpbam
2025-05-08 12:22:31,507 [INFO] PluginManage:359 - Loaded plugin lpbam (category:base,tabindex:0)
2025-05-08 12:22:31,507 [INFO] PluginManage:310 - Check plugin memorymap
2025-05-08 12:22:31,544 [INFO] PluginManage:359 - Loaded plugin memorymap (category:base,tabindex:4)
2025-05-08 12:22:31,544 [INFO] PluginManage:310 - Check plugin pinoutandconfiguration
2025-05-08 12:22:31,576 [INFO] PluginManage:359 - Loaded plugin pinoutandconfiguration (category:base,tabindex:1)
2025-05-08 12:22:31,576 [INFO] PluginManage:310 - Check plugin pinoutconfig
2025-05-08 12:22:31,721 [WARN] SupportedApi:132 - Cannot load RTOS API schema: s4s-elt-must-match.1: The content of 'definitions' must match (annotation?, (simpleType | complexType)?, (unique | key | keyref)*)). A problem was found starting at: attribute.
2025-05-08 12:22:31,907 [INFO] PluginManage:359 - Loaded plugin pinoutconfig (category:base,tabindex:0)
2025-05-08 12:22:31,907 [INFO] PluginManage:310 - Check plugin power
2025-05-08 12:22:31,941 [INFO] PluginManage:359 - Loaded plugin power (category:power,tabindex:4)
2025-05-08 12:22:31,941 [INFO] PluginManage:310 - Check plugin projectmanager
2025-05-08 12:22:31,964 [INFO] PluginManage:359 - Loaded plugin projectmanager (category:projectmanager,tabindex:4)
2025-05-08 12:22:31,964 [INFO] PluginManage:310 - Check plugin rif
2025-05-08 12:22:31,987 [INFO] PluginManage:359 - Loaded plugin rif (category:base,tabindex:3)
2025-05-08 12:22:31,987 [INFO] PluginManage:310 - Check plugin thirdparty
2025-05-08 12:22:32,546 [INFO] PluginManage:359 - Loaded plugin thirdparty (category:base,tabindex:-1)
2025-05-08 12:22:32,546 [INFO] PluginManage:310 - Check plugin tools
2025-05-08 12:22:32,616 [WARN] IntegrityCheckThread:84 - waiting for thirdparty lock release [integrity check]
2025-05-08 12:22:32,617 [INFO] IntegrityCheckThread:86 - entering critical section [integrity check]
2025-05-08 12:22:32,617 [INFO] ThirdPartyUpdaterWithRetryManager:70 - Updater plugin not ready yet. [1/15]
2025-05-08 12:22:32,661 [INFO] PluginManage:359 - Loaded plugin tools (category:base,tabindex:7)
2025-05-08 12:22:32,661 [INFO] PluginManage:310 - Check plugin tutovideos
2025-05-08 12:22:32,987 [INFO] PluginManage:359 - Loaded plugin tutovideos (category:base,tabindex:-1)
2025-05-08 12:22:32,987 [INFO] PluginManage:310 - Check plugin updater
2025-05-08 12:22:33,021 [INFO] PluginManage:359 - Loaded plugin updater (category:base,tabindex:12)
2025-05-08 12:22:33,021 [INFO] PluginManage:310 - Check plugin userauth
2025-05-08 12:22:33,032 [INFO] UserAuth:118 - Init User Auth plugin
2025-05-08 12:22:33,033 [INFO] PluginManage:359 - Loaded plugin userauth (category:base,tabindex:14)
2025-05-08 12:22:33,034 [INFO] PluginManage:283 - PluginManage : Loaded plugins [18]
